mode: set
golang-clean-architecture/delivery/router/router.go:13.52,23.2 7 0
golang-clean-architecture/delivery/router/router.go:25.68,32.2 3 0
golang-clean-architecture/delivery/router/router.go:34.65,44.2 3 0
golang-clean-architecture/delivery/router/router.go:46.66,53.2 3 0
golang-clean-architecture/delivery/router/router.go:55.64,66.2 7 0
golang-clean-architecture/delivery/controllers/controller.go:18.54,20.30 1 0
golang-clean-architecture/delivery/controllers/controller.go:20.30,22.46 2 0
golang-clean-architecture/delivery/controllers/controller.go:22.46,25.4 2 0
golang-clean-architecture/delivery/controllers/controller.go:27.3,28.17 2 0
golang-clean-architecture/delivery/controllers/controller.go:28.17,31.4 2 0
golang-clean-architecture/delivery/controllers/controller.go:33.3,33.83 1 0
golang-clean-architecture/delivery/controllers/controller.go:37.51,38.30 1 0
golang-clean-architecture/delivery/controllers/controller.go:38.30,40.43 2 0
golang-clean-architecture/delivery/controllers/controller.go:40.43,43.4 2 0
golang-clean-architecture/delivery/controllers/controller.go:45.3,46.17 2 0
golang-clean-architecture/delivery/controllers/controller.go:46.17,50.4 3 0
golang-clean-architecture/delivery/controllers/controller.go:52.3,52.121 1 0
golang-clean-architecture/delivery/controllers/controller.go:56.57,57.30 1 0
golang-clean-architecture/delivery/controllers/controller.go:57.30,60.10 2 0
golang-clean-architecture/delivery/controllers/controller.go:60.10,63.4 2 0
golang-clean-architecture/delivery/controllers/controller.go:65.3,67.37 2 0
golang-clean-architecture/delivery/controllers/controller.go:67.37,70.4 2 0
golang-clean-architecture/delivery/controllers/controller.go:72.3,75.17 3 0
golang-clean-architecture/delivery/controllers/controller.go:75.17,77.40 1 0
golang-clean-architecture/delivery/controllers/controller.go:77.40,80.5 2 0
golang-clean-architecture/delivery/controllers/controller.go:81.4,81.60 1 0
golang-clean-architecture/delivery/controllers/controller.go:81.60,84.5 2 0
golang-clean-architecture/delivery/controllers/controller.go:85.4,85.49 1 0
golang-clean-architecture/delivery/controllers/controller.go:85.49,88.5 2 0
golang-clean-architecture/delivery/controllers/controller.go:89.4,89.46 1 0
golang-clean-architecture/delivery/controllers/controller.go:89.46,92.5 2 0
golang-clean-architecture/delivery/controllers/controller.go:94.3,94.95 1 0
golang-clean-architecture/delivery/controllers/controller.go:98.54,99.30 1 0
golang-clean-architecture/delivery/controllers/controller.go:99.30,101.11 2 0
golang-clean-architecture/delivery/controllers/controller.go:101.11,104.4 2 0
golang-clean-architecture/delivery/controllers/controller.go:106.3,107.17 2 0
golang-clean-architecture/delivery/controllers/controller.go:107.17,110.4 2 0
golang-clean-architecture/delivery/controllers/controller.go:111.3,111.39 1 0
golang-clean-architecture/delivery/controllers/controller.go:115.53,116.30 1 0
golang-clean-architecture/delivery/controllers/controller.go:116.30,119.15 3 0
golang-clean-architecture/delivery/controllers/controller.go:119.15,122.4 2 0
golang-clean-architecture/delivery/controllers/controller.go:123.3,123.38 1 0
golang-clean-architecture/delivery/controllers/controller.go:127.54,128.30 1 0
golang-clean-architecture/delivery/controllers/controller.go:128.30,130.10 2 0
golang-clean-architecture/delivery/controllers/controller.go:130.10,133.4 2 0
golang-clean-architecture/delivery/controllers/controller.go:135.3,137.37 2 0
golang-clean-architecture/delivery/controllers/controller.go:137.37,140.4 2 0
golang-clean-architecture/delivery/controllers/controller.go:142.3,143.43 2 0
golang-clean-architecture/delivery/controllers/controller.go:143.43,146.4 2 0
golang-clean-architecture/delivery/controllers/controller.go:148.3,149.17 2 0
golang-clean-architecture/delivery/controllers/controller.go:149.17,150.58 1 0
golang-clean-architecture/delivery/controllers/controller.go:150.58,153.5 2 0
golang-clean-architecture/delivery/controllers/controller.go:153.10,156.5 2 0
golang-clean-architecture/delivery/controllers/controller.go:158.3,158.78 1 0
golang-clean-architecture/delivery/controllers/controller.go:162.56,163.30 1 0
golang-clean-architecture/delivery/controllers/controller.go:163.30,166.10 2 0
golang-clean-architecture/delivery/controllers/controller.go:166.10,169.4 2 0
golang-clean-architecture/delivery/controllers/controller.go:171.3,173.37 2 0
golang-clean-architecture/delivery/controllers/controller.go:173.37,176.4 2 0
golang-clean-architecture/delivery/controllers/controller.go:178.3,180.15 3 0
golang-clean-architecture/delivery/controllers/controller.go:180.15,183.4 2 0
golang-clean-architecture/delivery/controllers/controller.go:184.3,184.80 1 0
golang-clean-architecture/delivery/controllers/controller.go:188.55,189.30 1 0
golang-clean-architecture/delivery/controllers/controller.go:189.30,192.10 2 0
golang-clean-architecture/delivery/controllers/controller.go:192.10,195.4 2 0
golang-clean-architecture/delivery/controllers/controller.go:197.3,199.37 2 0
golang-clean-architecture/delivery/controllers/controller.go:199.37,202.4 2 0
golang-clean-architecture/delivery/controllers/controller.go:204.3,206.50 3 0
golang-clean-architecture/delivery/controllers/controller.go:206.50,209.4 2 0
golang-clean-architecture/delivery/controllers/controller.go:211.3,212.17 2 0
golang-clean-architecture/delivery/controllers/controller.go:212.17,213.58 1 0
golang-clean-architecture/delivery/controllers/controller.go:213.58,216.5 2 0
golang-clean-architecture/delivery/controllers/controller.go:216.10,219.5 2 0
golang-clean-architecture/delivery/controllers/controller.go:221.3,221.80 1 0
golang-clean-architecture/domain/mocks/TaskRepository.go:16.56,19.19 2 0
golang-clean-architecture/domain/mocks/TaskRepository.go:19.19,20.52 1 0
golang-clean-architecture/domain/mocks/TaskRepository.go:23.2,24.51 2 0
golang-clean-architecture/domain/mocks/TaskRepository.go:24.51,26.3 1 0
golang-clean-architecture/domain/mocks/TaskRepository.go:26.8,28.3 1 0
golang-clean-architecture/domain/mocks/TaskRepository.go:30.2,30.11 1 0
golang-clean-architecture/domain/mocks/TaskRepository.go:34.68,37.19 2 0
golang-clean-architecture/domain/mocks/TaskRepository.go:37.19,38.49 1 0
golang-clean-architecture/domain/mocks/TaskRepository.go:41.2,43.66 3 0
golang-clean-architecture/domain/mocks/TaskRepository.go:43.66,45.3 1 0
golang-clean-architecture/domain/mocks/TaskRepository.go:46.2,46.57 1 0
golang-clean-architecture/domain/mocks/TaskRepository.go:46.57,48.3 1 0
golang-clean-architecture/domain/mocks/TaskRepository.go:48.8,50.3 1 0
golang-clean-architecture/domain/mocks/TaskRepository.go:52.2,52.51 1 0
golang-clean-architecture/domain/mocks/TaskRepository.go:52.51,54.3 1 0
golang-clean-architecture/domain/mocks/TaskRepository.go:54.8,56.3 1 0
golang-clean-architecture/domain/mocks/TaskRepository.go:58.2,58.15 1 0
golang-clean-architecture/domain/mocks/TaskRepository.go:62.62,65.19 2 0
golang-clean-architecture/domain/mocks/TaskRepository.go:65.19,66.50 1 0
golang-clean-architecture/domain/mocks/TaskRepository.go:69.2,71.63 3 0
golang-clean-architecture/domain/mocks/TaskRepository.go:71.63,73.3 1 0
golang-clean-architecture/domain/mocks/TaskRepository.go:74.2,74.54 1 0
golang-clean-architecture/domain/mocks/TaskRepository.go:74.54,76.3 1 0
golang-clean-architecture/domain/mocks/TaskRepository.go:76.8,77.24 1 0
golang-clean-architecture/domain/mocks/TaskRepository.go:77.24,79.4 1 0
golang-clean-architecture/domain/mocks/TaskRepository.go:82.2,82.45 1 0
golang-clean-architecture/domain/mocks/TaskRepository.go:82.45,84.3 1 0
golang-clean-architecture/domain/mocks/TaskRepository.go:84.8,86.3 1 0
golang-clean-architecture/domain/mocks/TaskRepository.go:88.2,88.15 1 0
golang-clean-architecture/domain/mocks/TaskRepository.go:92.60,95.19 2 0
golang-clean-architecture/domain/mocks/TaskRepository.go:95.19,96.50 1 0
golang-clean-architecture/domain/mocks/TaskRepository.go:99.2,100.57 2 0
golang-clean-architecture/domain/mocks/TaskRepository.go:100.57,102.3 1 0
golang-clean-architecture/domain/mocks/TaskRepository.go:102.8,104.3 1 0
golang-clean-architecture/domain/mocks/TaskRepository.go:106.2,106.11 1 0
golang-clean-architecture/domain/mocks/TaskRepository.go:110.74,113.19 2 0
golang-clean-architecture/domain/mocks/TaskRepository.go:113.19,114.52 1 0
golang-clean-architecture/domain/mocks/TaskRepository.go:117.2,118.65 2 0
golang-clean-architecture/domain/mocks/TaskRepository.go:118.65,120.3 1 0
golang-clean-architecture/domain/mocks/TaskRepository.go:120.8,122.3 1 0
golang-clean-architecture/domain/mocks/TaskRepository.go:124.2,124.11 1 0
golang-clean-architecture/domain/mocks/TaskRepository.go:132.20,136.19 3 0
golang-clean-architecture/domain/mocks/TaskRepository.go:136.19,136.49 1 0
golang-clean-architecture/domain/mocks/TaskRepository.go:138.2,138.13 1 0
golang-clean-architecture/domain/mocks/TaskUseCase.go:17.53,20.19 2 0
golang-clean-architecture/domain/mocks/TaskUseCase.go:20.19,21.52 1 0
golang-clean-architecture/domain/mocks/TaskUseCase.go:24.2,25.51 2 0
golang-clean-architecture/domain/mocks/TaskUseCase.go:25.51,27.3 1 0
golang-clean-architecture/domain/mocks/TaskUseCase.go:27.8,29.3 1 0
golang-clean-architecture/domain/mocks/TaskUseCase.go:31.2,31.11 1 0
golang-clean-architecture/domain/mocks/TaskUseCase.go:35.65,38.19 2 0
golang-clean-architecture/domain/mocks/TaskUseCase.go:38.19,39.49 1 0
golang-clean-architecture/domain/mocks/TaskUseCase.go:42.2,44.66 3 0
golang-clean-architecture/domain/mocks/TaskUseCase.go:44.66,46.3 1 0
golang-clean-architecture/domain/mocks/TaskUseCase.go:47.2,47.57 1 0
golang-clean-architecture/domain/mocks/TaskUseCase.go:47.57,49.3 1 0
golang-clean-architecture/domain/mocks/TaskUseCase.go:49.8,51.3 1 0
golang-clean-architecture/domain/mocks/TaskUseCase.go:53.2,53.51 1 0
golang-clean-architecture/domain/mocks/TaskUseCase.go:53.51,55.3 1 0
golang-clean-architecture/domain/mocks/TaskUseCase.go:55.8,57.3 1 0
golang-clean-architecture/domain/mocks/TaskUseCase.go:59.2,59.15 1 0
golang-clean-architecture/domain/mocks/TaskUseCase.go:63.59,66.19 2 0
golang-clean-architecture/domain/mocks/TaskUseCase.go:66.19,67.50 1 0
golang-clean-architecture/domain/mocks/TaskUseCase.go:70.2,72.63 3 0
golang-clean-architecture/domain/mocks/TaskUseCase.go:72.63,74.3 1 0
golang-clean-architecture/domain/mocks/TaskUseCase.go:75.2,75.54 1 0
golang-clean-architecture/domain/mocks/TaskUseCase.go:75.54,77.3 1 0
golang-clean-architecture/domain/mocks/TaskUseCase.go:77.8,78.24 1 0
golang-clean-architecture/domain/mocks/TaskUseCase.go:78.24,80.4 1 0
golang-clean-architecture/domain/mocks/TaskUseCase.go:83.2,83.45 1 0
golang-clean-architecture/domain/mocks/TaskUseCase.go:83.45,85.3 1 0
golang-clean-architecture/domain/mocks/TaskUseCase.go:85.8,87.3 1 0
golang-clean-architecture/domain/mocks/TaskUseCase.go:89.2,89.15 1 0
golang-clean-architecture/domain/mocks/TaskUseCase.go:93.56,96.19 2 0
golang-clean-architecture/domain/mocks/TaskUseCase.go:96.19,97.50 1 0
golang-clean-architecture/domain/mocks/TaskUseCase.go:100.2,101.56 2 0
golang-clean-architecture/domain/mocks/TaskUseCase.go:101.56,103.3 1 0
golang-clean-architecture/domain/mocks/TaskUseCase.go:103.8,105.3 1 0
golang-clean-architecture/domain/mocks/TaskUseCase.go:107.2,107.11 1 0
golang-clean-architecture/domain/mocks/TaskUseCase.go:111.71,114.19 2 0
golang-clean-architecture/domain/mocks/TaskUseCase.go:114.19,115.52 1 0
golang-clean-architecture/domain/mocks/TaskUseCase.go:118.2,119.65 2 0
golang-clean-architecture/domain/mocks/TaskUseCase.go:119.65,121.3 1 0
golang-clean-architecture/domain/mocks/TaskUseCase.go:121.8,123.3 1 0
golang-clean-architecture/domain/mocks/TaskUseCase.go:125.2,125.11 1 0
golang-clean-architecture/domain/mocks/TaskUseCase.go:133.17,137.19 3 0
golang-clean-architecture/domain/mocks/TaskUseCase.go:137.19,137.49 1 0
golang-clean-architecture/domain/mocks/TaskUseCase.go:139.2,139.13 1 0
golang-clean-architecture/domain/mocks/UserRepository.go:17.66,20.19 2 0
golang-clean-architecture/domain/mocks/UserRepository.go:20.19,21.56 1 0
golang-clean-architecture/domain/mocks/UserRepository.go:24.2,25.57 2 0
golang-clean-architecture/domain/mocks/UserRepository.go:25.57,27.3 1 0
golang-clean-architecture/domain/mocks/UserRepository.go:27.8,29.3 1 0
golang-clean-architecture/domain/mocks/UserRepository.go:31.2,31.11 1 0
golang-clean-architecture/domain/mocks/UserRepository.go:35.57,38.19 2 0
golang-clean-architecture/domain/mocks/UserRepository.go:38.19,39.53 1 0
golang-clean-architecture/domain/mocks/UserRepository.go:42.2,43.51 2 0
golang-clean-architecture/domain/mocks/UserRepository.go:43.51,45.3 1 0
golang-clean-architecture/domain/mocks/UserRepository.go:45.8,47.3 1 0
golang-clean-architecture/domain/mocks/UserRepository.go:49.2,49.11 1 0
golang-clean-architecture/domain/mocks/UserRepository.go:53.60,56.19 2 0
golang-clean-architecture/domain/mocks/UserRepository.go:56.19,57.50 1 0
golang-clean-architecture/domain/mocks/UserRepository.go:60.2,61.57 2 0
golang-clean-architecture/domain/mocks/UserRepository.go:61.57,63.3 1 0
golang-clean-architecture/domain/mocks/UserRepository.go:63.8,65.3 1 0
golang-clean-architecture/domain/mocks/UserRepository.go:67.2,67.11 1 0
golang-clean-architecture/domain/mocks/UserRepository.go:71.62,74.19 2 0
golang-clean-architecture/domain/mocks/UserRepository.go:74.19,75.52 1 0
golang-clean-architecture/domain/mocks/UserRepository.go:78.2,79.57 2 0
golang-clean-architecture/domain/mocks/UserRepository.go:79.57,81.3 1 0
golang-clean-architecture/domain/mocks/UserRepository.go:81.8,83.3 1 0
golang-clean-architecture/domain/mocks/UserRepository.go:85.2,85.11 1 0
golang-clean-architecture/domain/mocks/UserRepository.go:89.63,92.19 2 0
golang-clean-architecture/domain/mocks/UserRepository.go:92.19,93.53 1 0
golang-clean-architecture/domain/mocks/UserRepository.go:96.2,97.57 2 0
golang-clean-architecture/domain/mocks/UserRepository.go:97.57,99.3 1 0
golang-clean-architecture/domain/mocks/UserRepository.go:99.8,101.3 1 0
golang-clean-architecture/domain/mocks/UserRepository.go:103.2,103.11 1 0
golang-clean-architecture/domain/mocks/UserRepository.go:111.20,115.19 3 0
golang-clean-architecture/domain/mocks/UserRepository.go:115.19,115.49 1 0
golang-clean-architecture/domain/mocks/UserRepository.go:117.2,117.13 1 0
golang-clean-architecture/domain/mocks/UserUseCase.go:17.64,20.19 2 0
golang-clean-architecture/domain/mocks/UserUseCase.go:20.19,21.47 1 0
golang-clean-architecture/domain/mocks/UserUseCase.go:24.2,26.67 3 0
golang-clean-architecture/domain/mocks/UserUseCase.go:26.67,28.3 1 0
golang-clean-architecture/domain/mocks/UserUseCase.go:29.2,29.58 1 0
golang-clean-architecture/domain/mocks/UserUseCase.go:29.58,31.3 1 0
golang-clean-architecture/domain/mocks/UserUseCase.go:31.8,33.3 1 0
golang-clean-architecture/domain/mocks/UserUseCase.go:35.2,35.57 1 0
golang-clean-architecture/domain/mocks/UserUseCase.go:35.57,37.3 1 0
golang-clean-architecture/domain/mocks/UserUseCase.go:37.8,39.3 1 0
golang-clean-architecture/domain/mocks/UserUseCase.go:41.2,41.15 1 0
golang-clean-architecture/domain/mocks/UserUseCase.go:45.54,48.19 2 0
golang-clean-architecture/domain/mocks/UserUseCase.go:48.19,49.53 1 0
golang-clean-architecture/domain/mocks/UserUseCase.go:52.2,53.51 2 0
golang-clean-architecture/domain/mocks/UserUseCase.go:53.51,55.3 1 0
golang-clean-architecture/domain/mocks/UserUseCase.go:55.8,57.3 1 0
golang-clean-architecture/domain/mocks/UserUseCase.go:59.2,59.11 1 0
golang-clean-architecture/domain/mocks/UserUseCase.go:63.57,66.19 2 0
golang-clean-architecture/domain/mocks/UserUseCase.go:66.19,67.50 1 0
golang-clean-architecture/domain/mocks/UserUseCase.go:70.2,71.57 2 0
golang-clean-architecture/domain/mocks/UserUseCase.go:71.57,73.3 1 0
golang-clean-architecture/domain/mocks/UserUseCase.go:73.8,75.3 1 0
golang-clean-architecture/domain/mocks/UserUseCase.go:77.2,77.11 1 0
golang-clean-architecture/domain/mocks/UserUseCase.go:85.17,89.19 3 0
golang-clean-architecture/domain/mocks/UserUseCase.go:89.19,89.49 1 0
golang-clean-architecture/domain/mocks/UserUseCase.go:91.2,91.13 1 0
golang-clean-architecture/delivery/main.go:13.13,16.16 3 0
golang-clean-architecture/delivery/main.go:16.16,18.3 1 0
golang-clean-architecture/delivery/main.go:20.2,21.16 2 0
golang-clean-architecture/delivery/main.go:21.16,23.3 1 0
golang-clean-architecture/delivery/main.go:25.2,29.30 5 0
golang-clean-architecture/use_cases/task_usecases.go:13.66,17.2 1 0
golang-clean-architecture/use_cases/task_usecases.go:19.59,22.2 2 0
golang-clean-architecture/use_cases/task_usecases.go:24.68,27.2 2 0
golang-clean-architecture/use_cases/task_usecases.go:29.57,35.69 4 0
golang-clean-architecture/use_cases/task_usecases.go:35.69,37.3 1 0
golang-clean-architecture/use_cases/task_usecases.go:38.2,39.12 2 0
golang-clean-architecture/use_cases/task_usecases.go:42.56,45.2 2 0
golang-clean-architecture/use_cases/task_usecases.go:47.83,50.2 2 0
golang-clean-architecture/use_cases/user_usecases.go:16.66,20.2 1 0
golang-clean-architecture/use_cases/user_usecases.go:22.64,24.51 1 0
golang-clean-architecture/use_cases/user_usecases.go:24.51,26.3 1 0
golang-clean-architecture/use_cases/user_usecases.go:28.2,29.16 2 0
golang-clean-architecture/use_cases/user_usecases.go:29.16,30.45 1 0
golang-clean-architecture/use_cases/user_usecases.go:30.45,32.4 1 0
golang-clean-architecture/use_cases/user_usecases.go:33.3,33.45 1 0
golang-clean-architecture/use_cases/user_usecases.go:33.45,35.4 1 0
golang-clean-architecture/use_cases/user_usecases.go:36.8,38.3 1 0
golang-clean-architecture/use_cases/user_usecases.go:40.2,41.16 2 0
golang-clean-architecture/use_cases/user_usecases.go:41.16,43.3 1 0
golang-clean-architecture/use_cases/user_usecases.go:45.2,46.16 2 0
golang-clean-architecture/use_cases/user_usecases.go:46.16,48.3 1 0
golang-clean-architecture/use_cases/user_usecases.go:50.2,52.16 3 0
golang-clean-architecture/use_cases/user_usecases.go:52.16,54.3 1 0
golang-clean-architecture/use_cases/user_usecases.go:56.2,56.12 1 0
golang-clean-architecture/use_cases/user_usecases.go:60.70,63.53 3 0
golang-clean-architecture/use_cases/user_usecases.go:63.53,65.3 1 0
golang-clean-architecture/use_cases/user_usecases.go:66.2,67.34 2 0
golang-clean-architecture/use_cases/user_usecases.go:67.34,69.3 1 0
golang-clean-architecture/use_cases/user_usecases.go:71.2,72.25 2 0
golang-clean-architecture/use_cases/user_usecases.go:72.25,75.3 2 0
golang-clean-architecture/use_cases/user_usecases.go:77.2,78.16 2 0
golang-clean-architecture/use_cases/user_usecases.go:78.16,81.3 2 0
golang-clean-architecture/use_cases/user_usecases.go:83.2,83.19 1 0
golang-clean-architecture/use_cases/user_usecases.go:86.59,89.2 2 0
golang-clean-architecture/repository/task_repository.go:18.86,23.2 1 0
golang-clean-architecture/repository/task_repository.go:25.62,29.16 4 0
golang-clean-architecture/repository/task_repository.go:29.16,32.3 2 0
golang-clean-architecture/repository/task_repository.go:34.2,34.31 1 0
golang-clean-architecture/repository/task_repository.go:34.31,37.17 3 0
golang-clean-architecture/repository/task_repository.go:37.17,40.4 2 0
golang-clean-architecture/repository/task_repository.go:41.3,41.31 1 0
golang-clean-architecture/repository/task_repository.go:44.2,46.22 2 0
golang-clean-architecture/repository/task_repository.go:46.22,49.3 2 0
golang-clean-architecture/repository/task_repository.go:51.2,51.19 1 0
golang-clean-architecture/repository/task_repository.go:54.71,58.16 3 0
golang-clean-architecture/repository/task_repository.go:58.16,60.3 1 0
golang-clean-architecture/repository/task_repository.go:61.2,64.33 4 0
golang-clean-architecture/repository/task_repository.go:64.33,66.3 1 0
golang-clean-architecture/repository/task_repository.go:67.2,67.16 1 0
golang-clean-architecture/repository/task_repository.go:67.16,69.3 1 0
golang-clean-architecture/repository/task_repository.go:71.2,71.18 1 0
golang-clean-architecture/repository/task_repository.go:74.61,78.16 4 0
golang-clean-architecture/repository/task_repository.go:78.16,80.3 1 0
golang-clean-architecture/repository/task_repository.go:81.2,81.12 1 0
golang-clean-architecture/repository/task_repository.go:84.60,86.16 2 0
golang-clean-architecture/repository/task_repository.go:86.16,88.3 1 0
golang-clean-architecture/repository/task_repository.go:90.2,94.35 4 0
golang-clean-architecture/repository/task_repository.go:94.35,96.3 1 0
golang-clean-architecture/repository/task_repository.go:97.2,97.16 1 0
golang-clean-architecture/repository/task_repository.go:97.16,99.3 1 0
golang-clean-architecture/repository/task_repository.go:100.2,100.12 1 0
golang-clean-architecture/repository/task_repository.go:103.78,106.16 2 0
golang-clean-architecture/repository/task_repository.go:106.16,108.3 1 0
golang-clean-architecture/repository/task_repository.go:110.2,115.26 4 0
golang-clean-architecture/repository/task_repository.go:115.26,120.3 1 0
golang-clean-architecture/repository/task_repository.go:122.2,122.27 1 0
golang-clean-architecture/repository/task_repository.go:122.27,127.3 1 0
golang-clean-architecture/repository/task_repository.go:129.2,129.32 1 0
golang-clean-architecture/repository/task_repository.go:129.32,134.3 1 0
golang-clean-architecture/repository/task_repository.go:136.2,138.37 2 0
golang-clean-architecture/repository/task_repository.go:138.37,140.3 1 0
golang-clean-architecture/repository/task_repository.go:141.2,141.52 1 0
golang-clean-architecture/repository/task_repository.go:141.52,143.3 1 0
golang-clean-architecture/repository/task_repository.go:145.2,145.12 1 0
golang-clean-architecture/repository/user_repository.go:17.85,22.2 1 0
golang-clean-architecture/repository/user_repository.go:24.64,29.2 4 0
golang-clean-architecture/repository/user_repository.go:31.67,34.30 3 0
golang-clean-architecture/repository/user_repository.go:34.30,34.74 1 0
golang-clean-architecture/repository/user_repository.go:35.2,35.16 1 0
golang-clean-architecture/repository/user_repository.go:35.16,37.3 1 0
golang-clean-architecture/repository/user_repository.go:38.2,38.12 1 0
golang-clean-architecture/repository/user_repository.go:41.66,45.33 4 0
golang-clean-architecture/repository/user_repository.go:45.33,47.3 1 0
golang-clean-architecture/repository/user_repository.go:48.2,48.16 1 0
golang-clean-architecture/repository/user_repository.go:48.16,48.60 1 0
golang-clean-architecture/repository/user_repository.go:50.2,50.37 1 0
golang-clean-architecture/repository/user_repository.go:50.37,50.85 1 0
golang-clean-architecture/repository/user_repository.go:51.2,51.12 1 0
golang-clean-architecture/repository/user_repository.go:54.68,60.16 5 0
golang-clean-architecture/repository/user_repository.go:60.16,62.3 1 0
golang-clean-architecture/repository/user_repository.go:63.2,63.21 1 0
golang-clean-architecture/repository/user_repository.go:66.60,68.16 2 0
golang-clean-architecture/repository/user_repository.go:68.16,70.3 1 0
golang-clean-architecture/repository/user_repository.go:71.2,76.36 5 0
golang-clean-architecture/repository/user_repository.go:76.36,78.3 1 0
golang-clean-architecture/repository/user_repository.go:79.2,79.37 1 0
golang-clean-architecture/repository/user_repository.go:79.37,81.3 1 0
golang-clean-architecture/repository/user_repository.go:83.2,83.16 1 0
golang-clean-architecture/repository/user_repository.go:83.16,85.3 1 0
golang-clean-architecture/repository/user_repository.go:86.2,86.12 1 0
golang-clean-architecture/infrastructure/auth_middleware.go:13.39,14.30 1 1
golang-clean-architecture/infrastructure/auth_middleware.go:14.30,17.23 2 1
golang-clean-architecture/infrastructure/auth_middleware.go:17.23,21.4 3 1
golang-clean-architecture/infrastructure/auth_middleware.go:22.3,23.75 2 1
golang-clean-architecture/infrastructure/auth_middleware.go:23.75,27.4 3 1
golang-clean-architecture/infrastructure/auth_middleware.go:29.3,29.88 1 1
golang-clean-architecture/infrastructure/auth_middleware.go:29.88,30.58 1 1
golang-clean-architecture/infrastructure/auth_middleware.go:30.58,32.5 1 0
golang-clean-architecture/infrastructure/auth_middleware.go:33.4,33.47 1 1
golang-clean-architecture/infrastructure/auth_middleware.go:36.3,36.33 1 1
golang-clean-architecture/infrastructure/auth_middleware.go:36.33,40.4 3 1
golang-clean-architecture/infrastructure/auth_middleware.go:42.3,43.10 2 1
golang-clean-architecture/infrastructure/auth_middleware.go:43.10,47.4 3 0
golang-clean-architecture/infrastructure/auth_middleware.go:49.3,50.10 2 1
golang-clean-architecture/infrastructure/auth_middleware.go:50.10,54.4 3 0
golang-clean-architecture/infrastructure/auth_middleware.go:56.3,57.10 2 1
golang-clean-architecture/infrastructure/auth_middleware.go:57.10,61.4 3 0
golang-clean-architecture/infrastructure/auth_middleware.go:63.3,67.11 2 1
golang-clean-architecture/infrastructure/jwt_service.go:13.59,21.16 3 1
golang-clean-architecture/infrastructure/jwt_service.go:21.16,24.3 2 0
golang-clean-architecture/infrastructure/jwt_service.go:26.2,26.19 1 1
golang-clean-architecture/infrastructure/password_service.go:10.52,12.16 2 1
golang-clean-architecture/infrastructure/password_service.go:12.16,14.3 1 0
golang-clean-architecture/infrastructure/password_service.go:15.2,15.28 1 1
golang-clean-architecture/infrastructure/password_service.go:18.79,20.16 2 1
golang-clean-architecture/infrastructure/password_service.go:20.16,22.3 1 1
golang-clean-architecture/infrastructure/password_service.go:23.2,23.12 1 1
golang-clean-architecture/repository/task_repository.go:18.86,23.2 1 1
golang-clean-architecture/repository/task_repository.go:25.62,29.16 4 1
golang-clean-architecture/repository/task_repository.go:29.16,32.3 2 0
golang-clean-architecture/repository/task_repository.go:34.2,34.31 1 1
golang-clean-architecture/repository/task_repository.go:34.31,37.17 3 1
golang-clean-architecture/repository/task_repository.go:37.17,40.4 2 0
golang-clean-architecture/repository/task_repository.go:41.3,41.31 1 1
golang-clean-architecture/repository/task_repository.go:44.2,46.22 2 1
golang-clean-architecture/repository/task_repository.go:46.22,49.3 2 0
golang-clean-architecture/repository/task_repository.go:51.2,51.19 1 1
golang-clean-architecture/repository/task_repository.go:54.71,58.16 3 1
golang-clean-architecture/repository/task_repository.go:58.16,60.3 1 0
golang-clean-architecture/repository/task_repository.go:61.2,64.33 4 1
golang-clean-architecture/repository/task_repository.go:64.33,66.3 1 1
golang-clean-architecture/repository/task_repository.go:67.2,67.16 1 1
golang-clean-architecture/repository/task_repository.go:67.16,69.3 1 0
golang-clean-architecture/repository/task_repository.go:71.2,71.18 1 1
golang-clean-architecture/repository/task_repository.go:74.61,78.16 4 1
golang-clean-architecture/repository/task_repository.go:78.16,80.3 1 0
golang-clean-architecture/repository/task_repository.go:81.2,81.12 1 1
golang-clean-architecture/repository/task_repository.go:84.60,86.16 2 1
golang-clean-architecture/repository/task_repository.go:86.16,88.3 1 0
golang-clean-architecture/repository/task_repository.go:90.2,94.35 4 1
golang-clean-architecture/repository/task_repository.go:94.35,96.3 1 1
golang-clean-architecture/repository/task_repository.go:97.2,97.16 1 1
golang-clean-architecture/repository/task_repository.go:97.16,99.3 1 0
golang-clean-architecture/repository/task_repository.go:100.2,100.12 1 1
golang-clean-architecture/repository/task_repository.go:103.78,106.16 2 1
golang-clean-architecture/repository/task_repository.go:106.16,108.3 1 0
golang-clean-architecture/repository/task_repository.go:110.2,115.26 4 1
golang-clean-architecture/repository/task_repository.go:115.26,120.3 1 1
golang-clean-architecture/repository/task_repository.go:122.2,122.27 1 1
golang-clean-architecture/repository/task_repository.go:122.27,127.3 1 1
golang-clean-architecture/repository/task_repository.go:129.2,129.32 1 1
golang-clean-architecture/repository/task_repository.go:129.32,134.3 1 1
golang-clean-architecture/repository/task_repository.go:136.2,138.37 2 1
golang-clean-architecture/repository/task_repository.go:138.37,140.3 1 1
golang-clean-architecture/repository/task_repository.go:141.2,141.52 1 1
golang-clean-architecture/repository/task_repository.go:141.52,143.3 1 0
golang-clean-architecture/repository/task_repository.go:145.2,145.12 1 1
golang-clean-architecture/repository/user_repository.go:17.85,22.2 1 1
golang-clean-architecture/repository/user_repository.go:24.64,29.2 4 1
golang-clean-architecture/repository/user_repository.go:31.67,34.30 3 0
golang-clean-architecture/repository/user_repository.go:34.30,34.74 1 0
golang-clean-architecture/repository/user_repository.go:35.2,35.16 1 0
golang-clean-architecture/repository/user_repository.go:35.16,37.3 1 0
golang-clean-architecture/repository/user_repository.go:38.2,38.12 1 0
golang-clean-architecture/repository/user_repository.go:41.66,45.33 4 1
golang-clean-architecture/repository/user_repository.go:45.33,47.3 1 0
golang-clean-architecture/repository/user_repository.go:48.2,48.16 1 1
golang-clean-architecture/repository/user_repository.go:48.16,48.60 1 0
golang-clean-architecture/repository/user_repository.go:50.2,50.37 1 1
golang-clean-architecture/repository/user_repository.go:50.37,50.85 1 1
golang-clean-architecture/repository/user_repository.go:51.2,51.12 1 0
golang-clean-architecture/repository/user_repository.go:54.68,60.16 5 0
golang-clean-architecture/repository/user_repository.go:60.16,62.3 1 0
golang-clean-architecture/repository/user_repository.go:63.2,63.21 1 0
golang-clean-architecture/repository/user_repository.go:66.60,68.16 2 1
golang-clean-architecture/repository/user_repository.go:68.16,70.3 1 0
golang-clean-architecture/repository/user_repository.go:71.2,76.36 5 1
golang-clean-architecture/repository/user_repository.go:76.36,78.3 1 0
golang-clean-architecture/repository/user_repository.go:79.2,79.37 1 1
golang-clean-architecture/repository/user_repository.go:79.37,81.3 1 1
golang-clean-architecture/repository/user_repository.go:83.2,83.16 1 1
golang-clean-architecture/repository/user_repository.go:83.16,85.3 1 0
golang-clean-architecture/repository/user_repository.go:86.2,86.12 1 1
golang-clean-architecture/domain/mocks/TaskRepository.go:16.56,19.19 2 1
golang-clean-architecture/domain/mocks/TaskRepository.go:19.19,20.52 1 0
golang-clean-architecture/domain/mocks/TaskRepository.go:23.2,24.51 2 1
golang-clean-architecture/domain/mocks/TaskRepository.go:24.51,26.3 1 0
golang-clean-architecture/domain/mocks/TaskRepository.go:26.8,28.3 1 1
golang-clean-architecture/domain/mocks/TaskRepository.go:30.2,30.11 1 1
golang-clean-architecture/domain/mocks/TaskRepository.go:34.68,37.19 2 1
golang-clean-architecture/domain/mocks/TaskRepository.go:37.19,38.49 1 0
golang-clean-architecture/domain/mocks/TaskRepository.go:41.2,43.66 3 1
golang-clean-architecture/domain/mocks/TaskRepository.go:43.66,45.3 1 0
golang-clean-architecture/domain/mocks/TaskRepository.go:46.2,46.57 1 1
golang-clean-architecture/domain/mocks/TaskRepository.go:46.57,48.3 1 0
golang-clean-architecture/domain/mocks/TaskRepository.go:48.8,50.3 1 1
golang-clean-architecture/domain/mocks/TaskRepository.go:52.2,52.51 1 1
golang-clean-architecture/domain/mocks/TaskRepository.go:52.51,54.3 1 0
golang-clean-architecture/domain/mocks/TaskRepository.go:54.8,56.3 1 1
golang-clean-architecture/domain/mocks/TaskRepository.go:58.2,58.15 1 1
golang-clean-architecture/domain/mocks/TaskRepository.go:62.62,65.19 2 1
golang-clean-architecture/domain/mocks/TaskRepository.go:65.19,66.50 1 0
golang-clean-architecture/domain/mocks/TaskRepository.go:69.2,71.63 3 1
golang-clean-architecture/domain/mocks/TaskRepository.go:71.63,73.3 1 0
golang-clean-architecture/domain/mocks/TaskRepository.go:74.2,74.54 1 1
golang-clean-architecture/domain/mocks/TaskRepository.go:74.54,76.3 1 0
golang-clean-architecture/domain/mocks/TaskRepository.go:76.8,77.24 1 1
golang-clean-architecture/domain/mocks/TaskRepository.go:77.24,79.4 1 1
golang-clean-architecture/domain/mocks/TaskRepository.go:82.2,82.45 1 1
golang-clean-architecture/domain/mocks/TaskRepository.go:82.45,84.3 1 0
golang-clean-architecture/domain/mocks/TaskRepository.go:84.8,86.3 1 1
golang-clean-architecture/domain/mocks/TaskRepository.go:88.2,88.15 1 1
golang-clean-architecture/domain/mocks/TaskRepository.go:92.60,95.19 2 1
golang-clean-architecture/domain/mocks/TaskRepository.go:95.19,96.50 1 0
golang-clean-architecture/domain/mocks/TaskRepository.go:99.2,100.57 2 1
golang-clean-architecture/domain/mocks/TaskRepository.go:100.57,102.3 1 0
golang-clean-architecture/domain/mocks/TaskRepository.go:102.8,104.3 1 1
golang-clean-architecture/domain/mocks/TaskRepository.go:106.2,106.11 1 1
golang-clean-architecture/domain/mocks/TaskRepository.go:110.74,113.19 2 1
golang-clean-architecture/domain/mocks/TaskRepository.go:113.19,114.52 1 0
golang-clean-architecture/domain/mocks/TaskRepository.go:117.2,118.65 2 1
golang-clean-architecture/domain/mocks/TaskRepository.go:118.65,120.3 1 0
golang-clean-architecture/domain/mocks/TaskRepository.go:120.8,122.3 1 1
golang-clean-architecture/domain/mocks/TaskRepository.go:124.2,124.11 1 1
golang-clean-architecture/domain/mocks/TaskRepository.go:132.20,136.19 3 0
golang-clean-architecture/domain/mocks/TaskRepository.go:136.19,136.49 1 0
golang-clean-architecture/domain/mocks/TaskRepository.go:138.2,138.13 1 0
golang-clean-architecture/domain/mocks/TaskUseCase.go:17.53,20.19 2 0
golang-clean-architecture/domain/mocks/TaskUseCase.go:20.19,21.52 1 0
golang-clean-architecture/domain/mocks/TaskUseCase.go:24.2,25.51 2 0
golang-clean-architecture/domain/mocks/TaskUseCase.go:25.51,27.3 1 0
golang-clean-architecture/domain/mocks/TaskUseCase.go:27.8,29.3 1 0
golang-clean-architecture/domain/mocks/TaskUseCase.go:31.2,31.11 1 0
golang-clean-architecture/domain/mocks/TaskUseCase.go:35.65,38.19 2 0
golang-clean-architecture/domain/mocks/TaskUseCase.go:38.19,39.49 1 0
golang-clean-architecture/domain/mocks/TaskUseCase.go:42.2,44.66 3 0
golang-clean-architecture/domain/mocks/TaskUseCase.go:44.66,46.3 1 0
golang-clean-architecture/domain/mocks/TaskUseCase.go:47.2,47.57 1 0
golang-clean-architecture/domain/mocks/TaskUseCase.go:47.57,49.3 1 0
golang-clean-architecture/domain/mocks/TaskUseCase.go:49.8,51.3 1 0
golang-clean-architecture/domain/mocks/TaskUseCase.go:53.2,53.51 1 0
golang-clean-architecture/domain/mocks/TaskUseCase.go:53.51,55.3 1 0
golang-clean-architecture/domain/mocks/TaskUseCase.go:55.8,57.3 1 0
golang-clean-architecture/domain/mocks/TaskUseCase.go:59.2,59.15 1 0
golang-clean-architecture/domain/mocks/TaskUseCase.go:63.59,66.19 2 0
golang-clean-architecture/domain/mocks/TaskUseCase.go:66.19,67.50 1 0
golang-clean-architecture/domain/mocks/TaskUseCase.go:70.2,72.63 3 0
golang-clean-architecture/domain/mocks/TaskUseCase.go:72.63,74.3 1 0
golang-clean-architecture/domain/mocks/TaskUseCase.go:75.2,75.54 1 0
golang-clean-architecture/domain/mocks/TaskUseCase.go:75.54,77.3 1 0
golang-clean-architecture/domain/mocks/TaskUseCase.go:77.8,78.24 1 0
golang-clean-architecture/domain/mocks/TaskUseCase.go:78.24,80.4 1 0
golang-clean-architecture/domain/mocks/TaskUseCase.go:83.2,83.45 1 0
golang-clean-architecture/domain/mocks/TaskUseCase.go:83.45,85.3 1 0
golang-clean-architecture/domain/mocks/TaskUseCase.go:85.8,87.3 1 0
golang-clean-architecture/domain/mocks/TaskUseCase.go:89.2,89.15 1 0
golang-clean-architecture/domain/mocks/TaskUseCase.go:93.56,96.19 2 0
golang-clean-architecture/domain/mocks/TaskUseCase.go:96.19,97.50 1 0
golang-clean-architecture/domain/mocks/TaskUseCase.go:100.2,101.56 2 0
golang-clean-architecture/domain/mocks/TaskUseCase.go:101.56,103.3 1 0
golang-clean-architecture/domain/mocks/TaskUseCase.go:103.8,105.3 1 0
golang-clean-architecture/domain/mocks/TaskUseCase.go:107.2,107.11 1 0
golang-clean-architecture/domain/mocks/TaskUseCase.go:111.71,114.19 2 0
golang-clean-architecture/domain/mocks/TaskUseCase.go:114.19,115.52 1 0
golang-clean-architecture/domain/mocks/TaskUseCase.go:118.2,119.65 2 0
golang-clean-architecture/domain/mocks/TaskUseCase.go:119.65,121.3 1 0
golang-clean-architecture/domain/mocks/TaskUseCase.go:121.8,123.3 1 0
golang-clean-architecture/domain/mocks/TaskUseCase.go:125.2,125.11 1 0
golang-clean-architecture/domain/mocks/TaskUseCase.go:133.17,137.19 3 0
golang-clean-architecture/domain/mocks/TaskUseCase.go:137.19,137.49 1 0
golang-clean-architecture/domain/mocks/TaskUseCase.go:139.2,139.13 1 0
golang-clean-architecture/domain/mocks/UserRepository.go:17.66,20.19 2 0
golang-clean-architecture/domain/mocks/UserRepository.go:20.19,21.56 1 0
golang-clean-architecture/domain/mocks/UserRepository.go:24.2,25.57 2 0
golang-clean-architecture/domain/mocks/UserRepository.go:25.57,27.3 1 0
golang-clean-architecture/domain/mocks/UserRepository.go:27.8,29.3 1 0
golang-clean-architecture/domain/mocks/UserRepository.go:31.2,31.11 1 0
golang-clean-architecture/domain/mocks/UserRepository.go:35.57,38.19 2 0
golang-clean-architecture/domain/mocks/UserRepository.go:38.19,39.53 1 0
golang-clean-architecture/domain/mocks/UserRepository.go:42.2,43.51 2 0
golang-clean-architecture/domain/mocks/UserRepository.go:43.51,45.3 1 0
golang-clean-architecture/domain/mocks/UserRepository.go:45.8,47.3 1 0
golang-clean-architecture/domain/mocks/UserRepository.go:49.2,49.11 1 0
golang-clean-architecture/domain/mocks/UserRepository.go:53.60,56.19 2 1
golang-clean-architecture/domain/mocks/UserRepository.go:56.19,57.50 1 0
golang-clean-architecture/domain/mocks/UserRepository.go:60.2,61.57 2 1
golang-clean-architecture/domain/mocks/UserRepository.go:61.57,63.3 1 0
golang-clean-architecture/domain/mocks/UserRepository.go:63.8,65.3 1 1
golang-clean-architecture/domain/mocks/UserRepository.go:67.2,67.11 1 1
golang-clean-architecture/domain/mocks/UserRepository.go:71.62,74.19 2 1
golang-clean-architecture/domain/mocks/UserRepository.go:74.19,75.52 1 0
golang-clean-architecture/domain/mocks/UserRepository.go:78.2,79.57 2 1
golang-clean-architecture/domain/mocks/UserRepository.go:79.57,81.3 1 0
golang-clean-architecture/domain/mocks/UserRepository.go:81.8,83.3 1 1
golang-clean-architecture/domain/mocks/UserRepository.go:85.2,85.11 1 1
golang-clean-architecture/domain/mocks/UserRepository.go:89.63,92.19 2 1
golang-clean-architecture/domain/mocks/UserRepository.go:92.19,93.53 1 0
golang-clean-architecture/domain/mocks/UserRepository.go:96.2,97.57 2 1
golang-clean-architecture/domain/mocks/UserRepository.go:97.57,99.3 1 0
golang-clean-architecture/domain/mocks/UserRepository.go:99.8,101.3 1 1
golang-clean-architecture/domain/mocks/UserRepository.go:103.2,103.11 1 1
golang-clean-architecture/domain/mocks/UserRepository.go:111.20,115.19 3 0
golang-clean-architecture/domain/mocks/UserRepository.go:115.19,115.49 1 0
golang-clean-architecture/domain/mocks/UserRepository.go:117.2,117.13 1 0
golang-clean-architecture/domain/mocks/UserUseCase.go:17.64,20.19 2 0
golang-clean-architecture/domain/mocks/UserUseCase.go:20.19,21.47 1 0
golang-clean-architecture/domain/mocks/UserUseCase.go:24.2,26.67 3 0
golang-clean-architecture/domain/mocks/UserUseCase.go:26.67,28.3 1 0
golang-clean-architecture/domain/mocks/UserUseCase.go:29.2,29.58 1 0
golang-clean-architecture/domain/mocks/UserUseCase.go:29.58,31.3 1 0
golang-clean-architecture/domain/mocks/UserUseCase.go:31.8,33.3 1 0
golang-clean-architecture/domain/mocks/UserUseCase.go:35.2,35.57 1 0
golang-clean-architecture/domain/mocks/UserUseCase.go:35.57,37.3 1 0
golang-clean-architecture/domain/mocks/UserUseCase.go:37.8,39.3 1 0
golang-clean-architecture/domain/mocks/UserUseCase.go:41.2,41.15 1 0
golang-clean-architecture/domain/mocks/UserUseCase.go:45.54,48.19 2 0
golang-clean-architecture/domain/mocks/UserUseCase.go:48.19,49.53 1 0
golang-clean-architecture/domain/mocks/UserUseCase.go:52.2,53.51 2 0
golang-clean-architecture/domain/mocks/UserUseCase.go:53.51,55.3 1 0
golang-clean-architecture/domain/mocks/UserUseCase.go:55.8,57.3 1 0
golang-clean-architecture/domain/mocks/UserUseCase.go:59.2,59.11 1 0
golang-clean-architecture/domain/mocks/UserUseCase.go:63.57,66.19 2 0
golang-clean-architecture/domain/mocks/UserUseCase.go:66.19,67.50 1 0
golang-clean-architecture/domain/mocks/UserUseCase.go:70.2,71.57 2 0
golang-clean-architecture/domain/mocks/UserUseCase.go:71.57,73.3 1 0
golang-clean-architecture/domain/mocks/UserUseCase.go:73.8,75.3 1 0
golang-clean-architecture/domain/mocks/UserUseCase.go:77.2,77.11 1 0
golang-clean-architecture/domain/mocks/UserUseCase.go:85.17,89.19 3 0
golang-clean-architecture/domain/mocks/UserUseCase.go:89.19,89.49 1 0
golang-clean-architecture/domain/mocks/UserUseCase.go:91.2,91.13 1 0
golang-clean-architecture/use_cases/task_usecases.go:13.66,17.2 1 1
golang-clean-architecture/use_cases/task_usecases.go:19.59,22.2 2 1
golang-clean-architecture/use_cases/task_usecases.go:24.68,27.2 2 1
golang-clean-architecture/use_cases/task_usecases.go:29.57,35.69 4 1
golang-clean-architecture/use_cases/task_usecases.go:35.69,37.3 1 1
golang-clean-architecture/use_cases/task_usecases.go:38.2,39.12 2 1
golang-clean-architecture/use_cases/task_usecases.go:42.56,45.2 2 1
golang-clean-architecture/use_cases/task_usecases.go:47.83,50.2 2 1
golang-clean-architecture/use_cases/user_usecases.go:16.66,20.2 1 1
golang-clean-architecture/use_cases/user_usecases.go:22.64,24.51 1 1
golang-clean-architecture/use_cases/user_usecases.go:24.51,26.3 1 0
golang-clean-architecture/use_cases/user_usecases.go:28.2,29.16 2 1
golang-clean-architecture/use_cases/user_usecases.go:29.16,30.45 1 0
golang-clean-architecture/use_cases/user_usecases.go:30.45,32.4 1 0
golang-clean-architecture/use_cases/user_usecases.go:33.3,33.45 1 0
golang-clean-architecture/use_cases/user_usecases.go:33.45,35.4 1 0
golang-clean-architecture/use_cases/user_usecases.go:36.8,38.3 1 1
golang-clean-architecture/use_cases/user_usecases.go:40.2,41.16 2 1
golang-clean-architecture/use_cases/user_usecases.go:41.16,43.3 1 1
golang-clean-architecture/use_cases/user_usecases.go:45.2,46.16 2 1
golang-clean-architecture/use_cases/user_usecases.go:46.16,48.3 1 0
golang-clean-architecture/use_cases/user_usecases.go:50.2,52.16 3 1
golang-clean-architecture/use_cases/user_usecases.go:52.16,54.3 1 1
golang-clean-architecture/use_cases/user_usecases.go:56.2,56.12 1 1
golang-clean-architecture/use_cases/user_usecases.go:60.70,63.53 3 0
golang-clean-architecture/use_cases/user_usecases.go:63.53,65.3 1 0
golang-clean-architecture/use_cases/user_usecases.go:66.2,67.34 2 0
golang-clean-architecture/use_cases/user_usecases.go:67.34,69.3 1 0
golang-clean-architecture/use_cases/user_usecases.go:71.2,72.25 2 0
golang-clean-architecture/use_cases/user_usecases.go:72.25,75.3 2 0
golang-clean-architecture/use_cases/user_usecases.go:77.2,78.16 2 0
golang-clean-architecture/use_cases/user_usecases.go:78.16,81.3 2 0
golang-clean-architecture/use_cases/user_usecases.go:83.2,83.19 1 0
golang-clean-architecture/use_cases/user_usecases.go:86.59,89.2 2 0
